2018-10-11T13:06:38+0530 <info> shovel2.js:28 () loading model account.js
2018-10-11T13:06:38+0530 <debug> orm.js:1 (e.value) sync schema { table: 'accounts',
  tableFields: 
   [ { name: 'address',
       type: 'String',
       length: 50,
       primary_key: true,
       not_null: true },
     { name: 'str1', type: 'String', length: 256, index: true },
     { name: 'str2', type: 'String', length: 256 },
     { name: 'str3', type: 'String', length: 256 },
     { name: 'str4', type: 'String', length: 256 },
     { name: 'str5', type: 'String', length: 256 },
     { name: 'num1', type: 'Number' },
     { name: 'num2', type: 'Number' },
     { name: 'num3', type: 'Number' },
     { name: 'num4', type: 'Number' },
     { name: 'num5', type: 'Number' },
     { name: 'bigint1', type: 'BigInt' },
     { name: 'bigint2', type: 'BigInt' },
     { name: 'bigint3', type: 'BigInt' },
     { name: 'bigint4', type: 'BigInt' },
     { name: 'bigint5', type: 'BigInt' },
     { name: 'text1', type: 'Text' },
     { name: 'text2', type: 'Text' },
     { name: 'text3', type: 'Text' },
     { name: 'text4', type: 'Text' },
     { name: 'text5', type: 'Text' } ],
  type: 'create' }
2018-10-11T13:06:38+0530 <info> shovel2.js:28 () loading model balance.js
2018-10-11T13:06:38+0530 <debug> orm.js:1 (e.value) sync schema { table: 'balances',
  tableFields: 
   [ { name: 'address',
       type: 'String',
       length: 50,
       not_null: true,
       index: true },
     { name: 'currency',
       type: 'String',
       length: 30,
       not_null: true,
       index: true },
     { name: 'balance', type: 'String', length: 50, not_null: true } ],
  type: 'create' }
2018-10-11T13:06:38+0530 <info> shovel2.js:28 () loading model block.js
2018-10-11T13:06:38+0530 <debug> orm.js:1 (e.value) sync schema { table: 'blocks',
  tableFields: 
   [ { name: 'id',
       type: 'String',
       length: 64,
       not_null: true,
       unique: true,
       primary_key: true },
     { name: 'timestamp', type: 'BigInt', not_null: true },
     { name: 'height', type: 'BigInt', not_null: true, index: true },
     { name: 'payloadLength', type: 'BigInt', not_null: true },
     { name: 'payloadHash',
       type: 'String',
       length: 64,
       not_null: true },
     { name: 'prevBlockId', type: 'String', length: 64 },
     { name: 'pointId', type: 'String', length: 64 },
     { name: 'pointHeight', type: 'BigInt' },
     { name: 'delegate',
       type: 'String',
       length: 64,
       not_null: true,
       index: true },
     { name: 'signature', type: 'String', length: 128, not_null: true },
     { name: 'count', type: 'BigInt', not_null: true } ],
  type: 'create' }
2018-10-11T13:06:38+0530 <info> shovel2.js:28 () loading model deposit.js
2018-10-11T13:06:38+0530 <debug> orm.js:1 (e.value) sync schema { table: 'deposits',
  tableFields: 
   [ { name: 'tid',
       type: 'String',
       length: 64,
       not_null: true,
       unique: true,
       primary_key: true },
     { name: 'srcId',
       type: 'String',
       length: 64,
       not_null: true,
       unique: true,
       index: true },
     { name: 'recipientId',
       type: 'String',
       length: 50,
       not_null: true,
       index: true },
     { name: 'currency',
       type: 'String',
       length: 30,
       not_null: true,
       index: true },
     { name: 'amount', type: 'String', length: 50, not_null: true } ],
  type: 'create' }
2018-10-11T13:06:38+0530 <info> shovel2.js:28 () loading model round-fee.js
2018-10-11T13:06:38+0530 <debug> orm.js:1 (e.value) sync schema { table: 'round_fees',
  tableFields: 
   [ { name: 'round', type: 'Number', not_null: true, index: true },
     { name: 'currency', type: 'String', length: 30, not_null: true },
     { name: 'amount', type: 'String', length: 50, not_null: true } ],
  type: 'create' }
2018-10-11T13:06:39+0530 <info> shovel2.js:28 () loading model transaction.js
2018-10-11T13:06:39+0530 <debug> orm.js:1 (e.value) sync schema { table: 'transactions',
  tableFields: 
   [ { name: 'id',
       type: 'String',
       length: 64,
       not_null: true,
       unique: true,
       primary_key: true },
     { name: 'timestamp', type: 'BigInt', not_null: true, index: true },
     { name: 'senderId',
       type: 'String',
       length: 50,
       not_null: true,
       index: true },
     { name: 'senderPublicKey',
       type: 'String',
       length: 64,
       not_null: true },
     { name: 'fee', type: 'String', length: 50, not_null: true },
     { name: 'signature', type: 'String', length: 128, not_null: true },
     { name: 'type', type: 'Number', not_null: true, index: true },
     { name: 'args', type: 'Text' },
     { name: 'height', type: 'BigInt', not_null: true, index: true } ],
  type: 'create' }
2018-10-11T13:06:39+0530 <info> shovel2.js:28 () loading model transfer.js
2018-10-11T13:06:39+0530 <debug> orm.js:1 (e.value) sync schema { table: 'transfers',
  tableFields: 
   [ { name: 'tid',
       type: 'String',
       length: 64,
       not_null: true,
       unique: true,
       primary_key: true },
     { name: 'senderId',
       type: 'String',
       length: 50,
       not_null: true,
       index: true },
     { name: 'recipientId',
       type: 'String',
       length: 50,
       not_null: true,
       index: true },
     { name: 'currency',
       type: 'String',
       length: 30,
       not_null: true,
       index: true },
     { name: 'amount', type: 'String', length: 50, not_null: true } ],
  type: 'create' }
2018-10-11T13:06:39+0530 <info> shovel2.js:28 () loading model variable.js
2018-10-11T13:06:39+0530 <debug> orm.js:1 (e.value) sync schema { table: 'variables',
  tableFields: 
   [ { name: 'key',
       type: 'String',
       length: 256,
       not_null: true,
       primary_key: true },
     { name: 'value', type: 'String', length: 256, not_null: true } ],
  type: 'create' }
2018-10-11T13:06:39+0530 <info> shovel2.js:28 () loading model balance.js
2018-10-11T13:35:39+0530 <info> shovel2.js:28 () loading model account.js
2018-10-11T13:35:39+0530 <debug> orm.js:1 (e.value) sync schema { table: 'accounts',
  tableFields: 
   [ { name: 'address',
       type: 'String',
       length: 50,
       primary_key: true,
       not_null: true },
     { name: 'str1', type: 'String', length: 256, index: true },
     { name: 'str2', type: 'String', length: 256 },
     { name: 'str3', type: 'String', length: 256 },
     { name: 'str4', type: 'String', length: 256 },
     { name: 'str5', type: 'String', length: 256 },
     { name: 'num1', type: 'Number' },
     { name: 'num2', type: 'Number' },
     { name: 'num3', type: 'Number' },
     { name: 'num4', type: 'Number' },
     { name: 'num5', type: 'Number' },
     { name: 'bigint1', type: 'BigInt' },
     { name: 'bigint2', type: 'BigInt' },
     { name: 'bigint3', type: 'BigInt' },
     { name: 'bigint4', type: 'BigInt' },
     { name: 'bigint5', type: 'BigInt' },
     { name: 'text1', type: 'Text' },
     { name: 'text2', type: 'Text' },
     { name: 'text3', type: 'Text' },
     { name: 'text4', type: 'Text' },
     { name: 'text5', type: 'Text' } ],
  type: 'create' }
2018-10-11T13:35:39+0530 <info> shovel2.js:28 () loading model balance.js
2018-10-11T13:35:39+0530 <debug> orm.js:1 (e.value) sync schema { table: 'balances',
  tableFields: 
   [ { name: 'address',
       type: 'String',
       length: 50,
       not_null: true,
       index: true },
     { name: 'currency',
       type: 'String',
       length: 30,
       not_null: true,
       index: true },
     { name: 'balance', type: 'String', length: 50, not_null: true } ],
  type: 'create' }
2018-10-11T13:35:39+0530 <info> shovel2.js:28 () loading model block.js
2018-10-11T13:35:39+0530 <debug> orm.js:1 (e.value) sync schema { table: 'blocks',
  tableFields: 
   [ { name: 'id',
       type: 'String',
       length: 64,
       not_null: true,
       unique: true,
       primary_key: true },
     { name: 'timestamp', type: 'BigInt', not_null: true },
     { name: 'height', type: 'BigInt', not_null: true, index: true },
     { name: 'payloadLength', type: 'BigInt', not_null: true },
     { name: 'payloadHash',
       type: 'String',
       length: 64,
       not_null: true },
     { name: 'prevBlockId', type: 'String', length: 64 },
     { name: 'pointId', type: 'String', length: 64 },
     { name: 'pointHeight', type: 'BigInt' },
     { name: 'delegate',
       type: 'String',
       length: 64,
       not_null: true,
       index: true },
     { name: 'signature', type: 'String', length: 128, not_null: true },
     { name: 'count', type: 'BigInt', not_null: true } ],
  type: 'create' }
2018-10-11T13:35:39+0530 <info> shovel2.js:28 () loading model deposit.js
2018-10-11T13:35:39+0530 <debug> orm.js:1 (e.value) sync schema { table: 'deposits',
  tableFields: 
   [ { name: 'tid',
       type: 'String',
       length: 64,
       not_null: true,
       unique: true,
       primary_key: true },
     { name: 'srcId',
       type: 'String',
       length: 64,
       not_null: true,
       unique: true,
       index: true },
     { name: 'recipientId',
       type: 'String',
       length: 50,
       not_null: true,
       index: true },
     { name: 'currency',
       type: 'String',
       length: 30,
       not_null: true,
       index: true },
     { name: 'amount', type: 'String', length: 50, not_null: true } ],
  type: 'create' }
2018-10-11T13:35:39+0530 <info> shovel2.js:28 () loading model round-fee.js
2018-10-11T13:35:39+0530 <debug> orm.js:1 (e.value) sync schema { table: 'round_fees',
  tableFields: 
   [ { name: 'round', type: 'Number', not_null: true, index: true },
     { name: 'currency', type: 'String', length: 30, not_null: true },
     { name: 'amount', type: 'String', length: 50, not_null: true } ],
  type: 'create' }
2018-10-11T13:35:39+0530 <info> shovel2.js:28 () loading model transaction.js
2018-10-11T13:35:39+0530 <debug> orm.js:1 (e.value) sync schema { table: 'transactions',
  tableFields: 
   [ { name: 'id',
       type: 'String',
       length: 64,
       not_null: true,
       unique: true,
       primary_key: true },
     { name: 'timestamp', type: 'BigInt', not_null: true, index: true },
     { name: 'senderId',
       type: 'String',
       length: 50,
       not_null: true,
       index: true },
     { name: 'senderPublicKey',
       type: 'String',
       length: 64,
       not_null: true },
     { name: 'fee', type: 'String', length: 50, not_null: true },
     { name: 'signature', type: 'String', length: 128, not_null: true },
     { name: 'type', type: 'Number', not_null: true, index: true },
     { name: 'args', type: 'Text' },
     { name: 'height', type: 'BigInt', not_null: true, index: true } ],
  type: 'create' }
2018-10-11T13:35:39+0530 <info> shovel2.js:28 () loading model transfer.js
2018-10-11T13:35:39+0530 <debug> orm.js:1 (e.value) sync schema { table: 'transfers',
  tableFields: 
   [ { name: 'tid',
       type: 'String',
       length: 64,
       not_null: true,
       unique: true,
       primary_key: true },
     { name: 'senderId',
       type: 'String',
       length: 50,
       not_null: true,
       index: true },
     { name: 'recipientId',
       type: 'String',
       length: 50,
       not_null: true,
       index: true },
     { name: 'currency',
       type: 'String',
       length: 30,
       not_null: true,
       index: true },
     { name: 'amount', type: 'String', length: 50, not_null: true } ],
  type: 'create' }
2018-10-11T13:35:39+0530 <info> shovel2.js:28 () loading model variable.js
2018-10-11T13:35:39+0530 <debug> orm.js:1 (e.value) sync schema { table: 'variables',
  tableFields: 
   [ { name: 'key',
       type: 'String',
       length: 256,
       not_null: true,
       primary_key: true },
     { name: 'value', type: 'String', length: 256, not_null: true } ],
  type: 'create' }
2018-10-11T13:35:39+0530 <info> shovel2.js:28 () loading model balance.js
2018-10-11T13:38:36+0530 <info> shovel2.js:28 () loading model account.js
2018-10-11T13:38:36+0530 <debug> orm.js:1 (e.value) sync schema { table: 'accounts',
  tableFields: 
   [ { name: 'address',
       type: 'String',
       length: 50,
       primary_key: true,
       not_null: true },
     { name: 'str1', type: 'String', length: 256, index: true },
     { name: 'str2', type: 'String', length: 256 },
     { name: 'str3', type: 'String', length: 256 },
     { name: 'str4', type: 'String', length: 256 },
     { name: 'str5', type: 'String', length: 256 },
     { name: 'num1', type: 'Number' },
     { name: 'num2', type: 'Number' },
     { name: 'num3', type: 'Number' },
     { name: 'num4', type: 'Number' },
     { name: 'num5', type: 'Number' },
     { name: 'bigint1', type: 'BigInt' },
     { name: 'bigint2', type: 'BigInt' },
     { name: 'bigint3', type: 'BigInt' },
     { name: 'bigint4', type: 'BigInt' },
     { name: 'bigint5', type: 'BigInt' },
     { name: 'text1', type: 'Text' },
     { name: 'text2', type: 'Text' },
     { name: 'text3', type: 'Text' },
     { name: 'text4', type: 'Text' },
     { name: 'text5', type: 'Text' } ],
  type: 'create' }
2018-10-11T13:38:36+0530 <info> shovel2.js:28 () loading model balance.js
2018-10-11T13:38:36+0530 <debug> orm.js:1 (e.value) sync schema { table: 'balances',
  tableFields: 
   [ { name: 'address',
       type: 'String',
       length: 50,
       not_null: true,
       index: true },
     { name: 'currency',
       type: 'String',
       length: 30,
       not_null: true,
       index: true },
     { name: 'balance', type: 'String', length: 50, not_null: true } ],
  type: 'create' }
2018-10-11T13:38:36+0530 <info> shovel2.js:28 () loading model block.js
2018-10-11T13:38:36+0530 <debug> orm.js:1 (e.value) sync schema { table: 'blocks',
  tableFields: 
   [ { name: 'id',
       type: 'String',
       length: 64,
       not_null: true,
       unique: true,
       primary_key: true },
     { name: 'timestamp', type: 'BigInt', not_null: true },
     { name: 'height', type: 'BigInt', not_null: true, index: true },
     { name: 'payloadLength', type: 'BigInt', not_null: true },
     { name: 'payloadHash',
       type: 'String',
       length: 64,
       not_null: true },
     { name: 'prevBlockId', type: 'String', length: 64 },
     { name: 'pointId', type: 'String', length: 64 },
     { name: 'pointHeight', type: 'BigInt' },
     { name: 'delegate',
       type: 'String',
       length: 64,
       not_null: true,
       index: true },
     { name: 'signature', type: 'String', length: 128, not_null: true },
     { name: 'count', type: 'BigInt', not_null: true } ],
  type: 'create' }
2018-10-11T13:38:36+0530 <info> shovel2.js:28 () loading model deposit.js
2018-10-11T13:38:36+0530 <debug> orm.js:1 (e.value) sync schema { table: 'deposits',
  tableFields: 
   [ { name: 'tid',
       type: 'String',
       length: 64,
       not_null: true,
       unique: true,
       primary_key: true },
     { name: 'srcId',
       type: 'String',
       length: 64,
       not_null: true,
       unique: true,
       index: true },
     { name: 'recipientId',
       type: 'String',
       length: 50,
       not_null: true,
       index: true },
     { name: 'currency',
       type: 'String',
       length: 30,
       not_null: true,
       index: true },
     { name: 'amount', type: 'String', length: 50, not_null: true } ],
  type: 'create' }
2018-10-11T13:38:36+0530 <info> shovel2.js:28 () loading model round-fee.js
2018-10-11T13:38:36+0530 <debug> orm.js:1 (e.value) sync schema { table: 'round_fees',
  tableFields: 
   [ { name: 'round', type: 'Number', not_null: true, index: true },
     { name: 'currency', type: 'String', length: 30, not_null: true },
     { name: 'amount', type: 'String', length: 50, not_null: true } ],
  type: 'create' }
2018-10-11T13:38:36+0530 <info> shovel2.js:28 () loading model transaction.js
2018-10-11T13:38:36+0530 <debug> orm.js:1 (e.value) sync schema { table: 'transactions',
  tableFields: 
   [ { name: 'id',
       type: 'String',
       length: 64,
       not_null: true,
       unique: true,
       primary_key: true },
     { name: 'timestamp', type: 'BigInt', not_null: true, index: true },
     { name: 'senderId',
       type: 'String',
       length: 50,
       not_null: true,
       index: true },
     { name: 'senderPublicKey',
       type: 'String',
       length: 64,
       not_null: true },
     { name: 'fee', type: 'String', length: 50, not_null: true },
     { name: 'signature', type: 'String', length: 128, not_null: true },
     { name: 'type', type: 'Number', not_null: true, index: true },
     { name: 'args', type: 'Text' },
     { name: 'height', type: 'BigInt', not_null: true, index: true } ],
  type: 'create' }
2018-10-11T13:38:36+0530 <info> shovel2.js:28 () loading model transfer.js
2018-10-11T13:38:36+0530 <debug> orm.js:1 (e.value) sync schema { table: 'transfers',
  tableFields: 
   [ { name: 'tid',
       type: 'String',
       length: 64,
       not_null: true,
       unique: true,
       primary_key: true },
     { name: 'senderId',
       type: 'String',
       length: 50,
       not_null: true,
       index: true },
     { name: 'recipientId',
       type: 'String',
       length: 50,
       not_null: true,
       index: true },
     { name: 'currency',
       type: 'String',
       length: 30,
       not_null: true,
       index: true },
     { name: 'amount', type: 'String', length: 50, not_null: true } ],
  type: 'create' }
2018-10-11T13:38:36+0530 <info> shovel2.js:28 () loading model variable.js
2018-10-11T13:38:36+0530 <debug> orm.js:1 (e.value) sync schema { table: 'variables',
  tableFields: 
   [ { name: 'key',
       type: 'String',
       length: 256,
       not_null: true,
       primary_key: true },
     { name: 'value', type: 'String', length: 256, not_null: true } ],
  type: 'create' }
2018-10-11T13:38:36+0530 <info> shovel2.js:28 () loading model balance.js
2018-10-11T13:38:36+0530 <debug> orm.js:1 (e.value) sync schema { name: 'certificate',
  fields: 
   [ { name: 'balance', type: 'String', not_null: true, length: 35 },
     { name: 'address', type: 'String', length: 30, not_null: true } ],
  type: 'create',
  tableFields: 
   [ { name: 'balance', type: 'String', not_null: true, length: 35 },
     { name: 'address', type: 'String', length: 30, not_null: true } ],
  table: 'certificate' }
2018-10-11T13:38:36+0530 <info> shovel2.js:28 () loading model certificate.js
2018-10-11T13:38:36+0530 <debug> orm.js:1 (e.value) sync schema { name: 'certificate',
  fields: 
   [ { name: 'name', type: 'String', length: 35 },
     { name: 'id', type: 'String', length: 30, not_null: true },
     { name: 'university',
       type: 'String',
       length: 50,
       not_null: true,
       index: true },
     { name: 'coursename',
       type: 'String',
       length: 100,
       not_null: true,
       index: true },
     { name: 'dateofissue',
       type: 'String',
       length: 100,
       not_null: true,
       index: true },
     { name: 'enrollmentId',
       type: 'String',
       length: 100,
       not_null: true,
       index: true },
     { name: 'address',
       type: 'String',
       length: 256,
       not_null: true,
       index: true } ],
  type: 'create',
  tableFields: 
   [ { name: 'name', type: 'String', length: 35 },
     { name: 'id', type: 'String', length: 30, not_null: true },
     { name: 'university',
       type: 'String',
       length: 50,
       not_null: true,
       index: true },
     { name: 'coursename',
       type: 'String',
       length: 100,
       not_null: true,
       index: true },
     { name: 'dateofissue',
       type: 'String',
       length: 100,
       not_null: true,
       index: true },
     { name: 'enrollmentId',
       type: 'String',
       length: 100,
       not_null: true,
       index: true },
     { name: 'address',
       type: 'String',
       length: 256,
       not_null: true,
       index: true } ],
  table: 'certificate' }
2018-10-11T13:38:36+0530 <info> shovel2.js:28 () loading model domain.js
2018-10-11T13:38:36+0530 <debug> orm.js:1 (e.value) sync schema { name: 'domains',
  fields: 
   [ { name: 'address',
       type: 'String',
       length: 256,
       not_null: true,
       index: true },
     { name: 'ip', type: 'String', length: 15 },
     { name: 'owner', type: 'String', length: 50, not_null: true },
     { name: 'suffix',
       type: 'String',
       length: 10,
       not_null: true,
       index: true } ],
  type: 'create',
  tableFields: 
   [ { name: 'address',
       type: 'String',
       length: 256,
       not_null: true,
       index: true },
     { name: 'ip', type: 'String', length: 15 },
     { name: 'owner', type: 'String', length: 50, not_null: true },
     { name: 'suffix',
       type: 'String',
       length: 10,
       not_null: true,
       index: true } ],
  table: 'domains' }
2018-10-11T13:38:36+0530 <info> shovel2.js:52 () loading contract core.js
2018-10-11T13:38:36+0530 <info> shovel2.js:52 () loading contract index.js
2018-10-11T13:38:36+0530 <info> shovel2.js:52 () loading contract certificate.js
2018-10-11T13:38:36+0530 <info> shovel2.js:52 () loading contract domain.js
2018-10-11T13:38:36+0530 <info> shovel2.js:52 () loading contract erc20.js
2018-10-11T13:38:36+0530 <info> shovel2.js:71 () loading interface basic.js
2018-10-11T13:38:36+0530 <info> shovel2.js:71 () loading interface accounts.js
2018-10-11T13:38:37+0530 <info> shovel2.js:71 () loading interface certificate.js
2018-10-11T13:38:37+0530 <info> shovel2.js:71 () loading interface domain.js
2018-10-11T13:38:37+0530 <info> shovel2.js:71 () loading interface test.js
2018-10-11T13:38:37+0530 <info> shovel2.js:71 () loading interface transactions.js
2018-10-11T22:11:03+0530 <info> shovel2.js:28 () loading model account.js
2018-10-11T22:11:03+0530 <debug> orm.js:1 (e.value) sync schema { table: 'accounts',
  tableFields: 
   [ { name: 'address',
       type: 'String',
       length: 50,
       primary_key: true,
       not_null: true },
     { name: 'str1', type: 'String', length: 256, index: true },
     { name: 'str2', type: 'String', length: 256 },
     { name: 'str3', type: 'String', length: 256 },
     { name: 'str4', type: 'String', length: 256 },
     { name: 'str5', type: 'String', length: 256 },
     { name: 'num1', type: 'Number' },
     { name: 'num2', type: 'Number' },
     { name: 'num3', type: 'Number' },
     { name: 'num4', type: 'Number' },
     { name: 'num5', type: 'Number' },
     { name: 'bigint1', type: 'BigInt' },
     { name: 'bigint2', type: 'BigInt' },
     { name: 'bigint3', type: 'BigInt' },
     { name: 'bigint4', type: 'BigInt' },
     { name: 'bigint5', type: 'BigInt' },
     { name: 'text1', type: 'Text' },
     { name: 'text2', type: 'Text' },
     { name: 'text3', type: 'Text' },
     { name: 'text4', type: 'Text' },
     { name: 'text5', type: 'Text' } ],
  type: 'create' }
2018-10-11T22:11:03+0530 <info> shovel2.js:28 () loading model balance.js
2018-10-11T22:11:03+0530 <debug> orm.js:1 (e.value) sync schema { table: 'balances',
  tableFields: 
   [ { name: 'address',
       type: 'String',
       length: 50,
       not_null: true,
       index: true },
     { name: 'currency',
       type: 'String',
       length: 30,
       not_null: true,
       index: true },
     { name: 'balance', type: 'String', length: 50, not_null: true } ],
  type: 'create' }
2018-10-11T22:11:03+0530 <info> shovel2.js:28 () loading model block.js
2018-10-11T22:11:03+0530 <debug> orm.js:1 (e.value) sync schema { table: 'blocks',
  tableFields: 
   [ { name: 'id',
       type: 'String',
       length: 64,
       not_null: true,
       unique: true,
       primary_key: true },
     { name: 'timestamp', type: 'BigInt', not_null: true },
     { name: 'height', type: 'BigInt', not_null: true, index: true },
     { name: 'payloadLength', type: 'BigInt', not_null: true },
     { name: 'payloadHash',
       type: 'String',
       length: 64,
       not_null: true },
     { name: 'prevBlockId', type: 'String', length: 64 },
     { name: 'pointId', type: 'String', length: 64 },
     { name: 'pointHeight', type: 'BigInt' },
     { name: 'delegate',
       type: 'String',
       length: 64,
       not_null: true,
       index: true },
     { name: 'signature', type: 'String', length: 128, not_null: true },
     { name: 'count', type: 'BigInt', not_null: true } ],
  type: 'create' }
2018-10-11T22:11:03+0530 <info> shovel2.js:28 () loading model deposit.js
2018-10-11T22:11:03+0530 <debug> orm.js:1 (e.value) sync schema { table: 'deposits',
  tableFields: 
   [ { name: 'tid',
       type: 'String',
       length: 64,
       not_null: true,
       unique: true,
       primary_key: true },
     { name: 'srcId',
       type: 'String',
       length: 64,
       not_null: true,
       unique: true,
       index: true },
     { name: 'recipientId',
       type: 'String',
       length: 50,
       not_null: true,
       index: true },
     { name: 'currency',
       type: 'String',
       length: 30,
       not_null: true,
       index: true },
     { name: 'amount', type: 'String', length: 50, not_null: true } ],
  type: 'create' }
2018-10-11T22:11:03+0530 <info> shovel2.js:28 () loading model round-fee.js
2018-10-11T22:11:03+0530 <debug> orm.js:1 (e.value) sync schema { table: 'round_fees',
  tableFields: 
   [ { name: 'round', type: 'Number', not_null: true, index: true },
     { name: 'currency', type: 'String', length: 30, not_null: true },
     { name: 'amount', type: 'String', length: 50, not_null: true } ],
  type: 'create' }
2018-10-11T22:11:03+0530 <info> shovel2.js:28 () loading model transaction.js
2018-10-11T22:11:03+0530 <debug> orm.js:1 (e.value) sync schema { table: 'transactions',
  tableFields: 
   [ { name: 'id',
       type: 'String',
       length: 64,
       not_null: true,
       unique: true,
       primary_key: true },
     { name: 'timestamp', type: 'BigInt', not_null: true, index: true },
     { name: 'senderId',
       type: 'String',
       length: 50,
       not_null: true,
       index: true },
     { name: 'senderPublicKey',
       type: 'String',
       length: 64,
       not_null: true },
     { name: 'fee', type: 'String', length: 50, not_null: true },
     { name: 'signature', type: 'String', length: 128, not_null: true },
     { name: 'type', type: 'Number', not_null: true, index: true },
     { name: 'args', type: 'Text' },
     { name: 'height', type: 'BigInt', not_null: true, index: true } ],
  type: 'create' }
2018-10-11T22:11:03+0530 <info> shovel2.js:28 () loading model transfer.js
2018-10-11T22:11:03+0530 <debug> orm.js:1 (e.value) sync schema { table: 'transfers',
  tableFields: 
   [ { name: 'tid',
       type: 'String',
       length: 64,
       not_null: true,
       unique: true,
       primary_key: true },
     { name: 'senderId',
       type: 'String',
       length: 50,
       not_null: true,
       index: true },
     { name: 'recipientId',
       type: 'String',
       length: 50,
       not_null: true,
       index: true },
     { name: 'currency',
       type: 'String',
       length: 30,
       not_null: true,
       index: true },
     { name: 'amount', type: 'String', length: 50, not_null: true } ],
  type: 'create' }
2018-10-11T22:11:03+0530 <info> shovel2.js:28 () loading model variable.js
2018-10-11T22:11:03+0530 <debug> orm.js:1 (e.value) sync schema { table: 'variables',
  tableFields: 
   [ { name: 'key',
       type: 'String',
       length: 256,
       not_null: true,
       primary_key: true },
     { name: 'value', type: 'String', length: 256, not_null: true } ],
  type: 'create' }
2018-10-11T22:11:03+0530 <info> shovel2.js:28 () loading model balance.js
2018-10-11T22:11:03+0530 <debug> orm.js:1 (e.value) sync schema { name: 'certificate',
  fields: 
   [ { name: 'balance', type: 'String', not_null: true, length: 35 },
     { name: 'address', type: 'String', length: 30, not_null: true },
     { name: 'totalSupply',
       type: 'String',
       length: 30,
       not_null: true } ],
  type: 'create',
  tableFields: 
   [ { name: 'balance', type: 'String', not_null: true, length: 35 },
     { name: 'address', type: 'String', length: 30, not_null: true },
     { name: 'totalSupply',
       type: 'String',
       length: 30,
       not_null: true } ],
  table: 'certificate' }
2018-10-11T22:11:03+0530 <info> shovel2.js:28 () loading model certificate.js
2018-10-11T22:11:03+0530 <debug> orm.js:1 (e.value) sync schema { name: 'certificate',
  fields: 
   [ { name: 'name', type: 'String', length: 35 },
     { name: 'id', type: 'String', length: 30, not_null: true },
     { name: 'university',
       type: 'String',
       length: 50,
       not_null: true,
       index: true },
     { name: 'coursename',
       type: 'String',
       length: 100,
       not_null: true,
       index: true },
     { name: 'dateofissue',
       type: 'String',
       length: 100,
       not_null: true,
       index: true },
     { name: 'enrollmentId',
       type: 'String',
       length: 100,
       not_null: true,
       index: true },
     { name: 'address',
       type: 'String',
       length: 256,
       not_null: true,
       index: true } ],
  type: 'create',
  tableFields: 
   [ { name: 'name', type: 'String', length: 35 },
     { name: 'id', type: 'String', length: 30, not_null: true },
     { name: 'university',
       type: 'String',
       length: 50,
       not_null: true,
       index: true },
     { name: 'coursename',
       type: 'String',
       length: 100,
       not_null: true,
       index: true },
     { name: 'dateofissue',
       type: 'String',
       length: 100,
       not_null: true,
       index: true },
     { name: 'enrollmentId',
       type: 'String',
       length: 100,
       not_null: true,
       index: true },
     { name: 'address',
       type: 'String',
       length: 256,
       not_null: true,
       index: true } ],
  table: 'certificate' }
2018-10-11T22:11:03+0530 <info> shovel2.js:28 () loading model domain.js
2018-10-11T22:11:03+0530 <debug> orm.js:1 (e.value) sync schema { name: 'domains',
  fields: 
   [ { name: 'address',
       type: 'String',
       length: 256,
       not_null: true,
       index: true },
     { name: 'ip', type: 'String', length: 15 },
     { name: 'owner', type: 'String', length: 50, not_null: true },
     { name: 'suffix',
       type: 'String',
       length: 10,
       not_null: true,
       index: true } ],
  type: 'create',
  tableFields: 
   [ { name: 'address',
       type: 'String',
       length: 256,
       not_null: true,
       index: true },
     { name: 'ip', type: 'String', length: 15 },
     { name: 'owner', type: 'String', length: 50, not_null: true },
     { name: 'suffix',
       type: 'String',
       length: 10,
       not_null: true,
       index: true } ],
  table: 'domains' }
2018-10-11T22:11:03+0530 <info> shovel2.js:52 () loading contract core.js
2018-10-11T22:11:03+0530 <info> shovel2.js:52 () loading contract index.js
2018-10-11T22:11:03+0530 <info> shovel2.js:52 () loading contract certificate.js
2018-10-11T22:11:03+0530 <info> shovel2.js:52 () loading contract domain.js
2018-10-11T22:11:03+0530 <info> shovel2.js:52 () loading contract erc20.js
2018-10-11T22:11:52+0530 <info> shovel2.js:28 () loading model account.js
2018-10-11T22:11:52+0530 <debug> orm.js:1 (e.value) sync schema { table: 'accounts',
  tableFields: 
   [ { name: 'address',
       type: 'String',
       length: 50,
       primary_key: true,
       not_null: true },
     { name: 'str1', type: 'String', length: 256, index: true },
     { name: 'str2', type: 'String', length: 256 },
     { name: 'str3', type: 'String', length: 256 },
     { name: 'str4', type: 'String', length: 256 },
     { name: 'str5', type: 'String', length: 256 },
     { name: 'num1', type: 'Number' },
     { name: 'num2', type: 'Number' },
     { name: 'num3', type: 'Number' },
     { name: 'num4', type: 'Number' },
     { name: 'num5', type: 'Number' },
     { name: 'bigint1', type: 'BigInt' },
     { name: 'bigint2', type: 'BigInt' },
     { name: 'bigint3', type: 'BigInt' },
     { name: 'bigint4', type: 'BigInt' },
     { name: 'bigint5', type: 'BigInt' },
     { name: 'text1', type: 'Text' },
     { name: 'text2', type: 'Text' },
     { name: 'text3', type: 'Text' },
     { name: 'text4', type: 'Text' },
     { name: 'text5', type: 'Text' } ],
  type: 'create' }
2018-10-11T22:11:52+0530 <info> shovel2.js:28 () loading model balance.js
2018-10-11T22:11:52+0530 <debug> orm.js:1 (e.value) sync schema { table: 'balances',
  tableFields: 
   [ { name: 'address',
       type: 'String',
       length: 50,
       not_null: true,
       index: true },
     { name: 'currency',
       type: 'String',
       length: 30,
       not_null: true,
       index: true },
     { name: 'balance', type: 'String', length: 50, not_null: true } ],
  type: 'create' }
2018-10-11T22:11:52+0530 <info> shovel2.js:28 () loading model block.js
2018-10-11T22:11:52+0530 <debug> orm.js:1 (e.value) sync schema { table: 'blocks',
  tableFields: 
   [ { name: 'id',
       type: 'String',
       length: 64,
       not_null: true,
       unique: true,
       primary_key: true },
     { name: 'timestamp', type: 'BigInt', not_null: true },
     { name: 'height', type: 'BigInt', not_null: true, index: true },
     { name: 'payloadLength', type: 'BigInt', not_null: true },
     { name: 'payloadHash',
       type: 'String',
       length: 64,
       not_null: true },
     { name: 'prevBlockId', type: 'String', length: 64 },
     { name: 'pointId', type: 'String', length: 64 },
     { name: 'pointHeight', type: 'BigInt' },
     { name: 'delegate',
       type: 'String',
       length: 64,
       not_null: true,
       index: true },
     { name: 'signature', type: 'String', length: 128, not_null: true },
     { name: 'count', type: 'BigInt', not_null: true } ],
  type: 'create' }
2018-10-11T22:11:52+0530 <info> shovel2.js:28 () loading model deposit.js
2018-10-11T22:11:52+0530 <debug> orm.js:1 (e.value) sync schema { table: 'deposits',
  tableFields: 
   [ { name: 'tid',
       type: 'String',
       length: 64,
       not_null: true,
       unique: true,
       primary_key: true },
     { name: 'srcId',
       type: 'String',
       length: 64,
       not_null: true,
       unique: true,
       index: true },
     { name: 'recipientId',
       type: 'String',
       length: 50,
       not_null: true,
       index: true },
     { name: 'currency',
       type: 'String',
       length: 30,
       not_null: true,
       index: true },
     { name: 'amount', type: 'String', length: 50, not_null: true } ],
  type: 'create' }
2018-10-11T22:11:52+0530 <info> shovel2.js:28 () loading model round-fee.js
2018-10-11T22:11:52+0530 <debug> orm.js:1 (e.value) sync schema { table: 'round_fees',
  tableFields: 
   [ { name: 'round', type: 'Number', not_null: true, index: true },
     { name: 'currency', type: 'String', length: 30, not_null: true },
     { name: 'amount', type: 'String', length: 50, not_null: true } ],
  type: 'create' }
2018-10-11T22:11:52+0530 <info> shovel2.js:28 () loading model transaction.js
2018-10-11T22:11:52+0530 <debug> orm.js:1 (e.value) sync schema { table: 'transactions',
  tableFields: 
   [ { name: 'id',
       type: 'String',
       length: 64,
       not_null: true,
       unique: true,
       primary_key: true },
     { name: 'timestamp', type: 'BigInt', not_null: true, index: true },
     { name: 'senderId',
       type: 'String',
       length: 50,
       not_null: true,
       index: true },
     { name: 'senderPublicKey',
       type: 'String',
       length: 64,
       not_null: true },
     { name: 'fee', type: 'String', length: 50, not_null: true },
     { name: 'signature', type: 'String', length: 128, not_null: true },
     { name: 'type', type: 'Number', not_null: true, index: true },
     { name: 'args', type: 'Text' },
     { name: 'height', type: 'BigInt', not_null: true, index: true } ],
  type: 'create' }
2018-10-11T22:11:52+0530 <info> shovel2.js:28 () loading model transfer.js
2018-10-11T22:11:52+0530 <debug> orm.js:1 (e.value) sync schema { table: 'transfers',
  tableFields: 
   [ { name: 'tid',
       type: 'String',
       length: 64,
       not_null: true,
       unique: true,
       primary_key: true },
     { name: 'senderId',
       type: 'String',
       length: 50,
       not_null: true,
       index: true },
     { name: 'recipientId',
       type: 'String',
       length: 50,
       not_null: true,
       index: true },
     { name: 'currency',
       type: 'String',
       length: 30,
       not_null: true,
       index: true },
     { name: 'amount', type: 'String', length: 50, not_null: true } ],
  type: 'create' }
2018-10-11T22:11:52+0530 <info> shovel2.js:28 () loading model variable.js
2018-10-11T22:11:52+0530 <debug> orm.js:1 (e.value) sync schema { table: 'variables',
  tableFields: 
   [ { name: 'key',
       type: 'String',
       length: 256,
       not_null: true,
       primary_key: true },
     { name: 'value', type: 'String', length: 256, not_null: true } ],
  type: 'create' }
2018-10-11T22:11:52+0530 <info> shovel2.js:28 () loading model balance.js
2018-10-11T22:11:52+0530 <debug> orm.js:1 (e.value) sync schema { name: 'certificate',
  fields: 
   [ { name: 'balance', type: 'String', not_null: true, length: 35 },
     { name: 'address', type: 'String', length: 30, not_null: true },
     { name: 'totalSupply',
       type: 'String',
       length: 30,
       not_null: true } ],
  type: 'create',
  tableFields: 
   [ { name: 'balance', type: 'String', not_null: true, length: 35 },
     { name: 'address', type: 'String', length: 30, not_null: true },
     { name: 'totalSupply',
       type: 'String',
       length: 30,
       not_null: true } ],
  table: 'certificate' }
2018-10-11T22:11:52+0530 <info> shovel2.js:28 () loading model certificate.js
2018-10-11T22:11:52+0530 <debug> orm.js:1 (e.value) sync schema { name: 'certificate',
  fields: 
   [ { name: 'name', type: 'String', length: 35 },
     { name: 'id', type: 'String', length: 30, not_null: true },
     { name: 'university',
       type: 'String',
       length: 50,
       not_null: true,
       index: true },
     { name: 'coursename',
       type: 'String',
       length: 100,
       not_null: true,
       index: true },
     { name: 'dateofissue',
       type: 'String',
       length: 100,
       not_null: true,
       index: true },
     { name: 'enrollmentId',
       type: 'String',
       length: 100,
       not_null: true,
       index: true },
     { name: 'address',
       type: 'String',
       length: 256,
       not_null: true,
       index: true } ],
  type: 'create',
  tableFields: 
   [ { name: 'name', type: 'String', length: 35 },
     { name: 'id', type: 'String', length: 30, not_null: true },
     { name: 'university',
       type: 'String',
       length: 50,
       not_null: true,
       index: true },
     { name: 'coursename',
       type: 'String',
       length: 100,
       not_null: true,
       index: true },
     { name: 'dateofissue',
       type: 'String',
       length: 100,
       not_null: true,
       index: true },
     { name: 'enrollmentId',
       type: 'String',
       length: 100,
       not_null: true,
       index: true },
     { name: 'address',
       type: 'String',
       length: 256,
       not_null: true,
       index: true } ],
  table: 'certificate' }
2018-10-11T22:11:52+0530 <info> shovel2.js:28 () loading model domain.js
2018-10-11T22:11:52+0530 <debug> orm.js:1 (e.value) sync schema { name: 'domains',
  fields: 
   [ { name: 'address',
       type: 'String',
       length: 256,
       not_null: true,
       index: true },
     { name: 'ip', type: 'String', length: 15 },
     { name: 'owner', type: 'String', length: 50, not_null: true },
     { name: 'suffix',
       type: 'String',
       length: 10,
       not_null: true,
       index: true } ],
  type: 'create',
  tableFields: 
   [ { name: 'address',
       type: 'String',
       length: 256,
       not_null: true,
       index: true },
     { name: 'ip', type: 'String', length: 15 },
     { name: 'owner', type: 'String', length: 50, not_null: true },
     { name: 'suffix',
       type: 'String',
       length: 10,
       not_null: true,
       index: true } ],
  table: 'domains' }
2018-10-11T22:11:52+0530 <info> shovel2.js:52 () loading contract core.js
2018-10-11T22:11:52+0530 <info> shovel2.js:52 () loading contract index.js
2018-10-11T22:11:52+0530 <info> shovel2.js:52 () loading contract certificate.js
2018-10-11T22:11:52+0530 <info> shovel2.js:52 () loading contract domain.js
2018-10-11T22:11:52+0530 <info> shovel2.js:52 () loading contract erc20.js
2018-10-11T22:11:52+0530 <info> shovel2.js:52 () loading contract payments.js
2018-10-11T22:11:52+0530 <info> shovel2.js:71 () loading interface basic.js
2018-10-11T22:11:52+0530 <info> shovel2.js:71 () loading interface accounts.js
2018-10-11T22:11:53+0530 <info> shovel2.js:71 () loading interface certificate.js
2018-10-11T22:11:53+0530 <info> shovel2.js:71 () loading interface domain.js
2018-10-11T22:11:53+0530 <info> shovel2.js:71 () loading interface test.js
2018-10-11T22:11:53+0530 <info> shovel2.js:71 () loading interface transactions.js
2018-10-11T22:12:36+0530 <info> shovel2.js:28 () loading model account.js
2018-10-11T22:12:36+0530 <debug> orm.js:1 (e.value) sync schema { table: 'accounts',
  tableFields: 
   [ { name: 'address',
       type: 'String',
       length: 50,
       primary_key: true,
       not_null: true },
     { name: 'str1', type: 'String', length: 256, index: true },
     { name: 'str2', type: 'String', length: 256 },
     { name: 'str3', type: 'String', length: 256 },
     { name: 'str4', type: 'String', length: 256 },
     { name: 'str5', type: 'String', length: 256 },
     { name: 'num1', type: 'Number' },
     { name: 'num2', type: 'Number' },
     { name: 'num3', type: 'Number' },
     { name: 'num4', type: 'Number' },
     { name: 'num5', type: 'Number' },
     { name: 'bigint1', type: 'BigInt' },
     { name: 'bigint2', type: 'BigInt' },
     { name: 'bigint3', type: 'BigInt' },
     { name: 'bigint4', type: 'BigInt' },
     { name: 'bigint5', type: 'BigInt' },
     { name: 'text1', type: 'Text' },
     { name: 'text2', type: 'Text' },
     { name: 'text3', type: 'Text' },
     { name: 'text4', type: 'Text' },
     { name: 'text5', type: 'Text' } ],
  type: 'create' }
2018-10-11T22:12:36+0530 <info> shovel2.js:28 () loading model balance.js
2018-10-11T22:12:36+0530 <debug> orm.js:1 (e.value) sync schema { table: 'balances',
  tableFields: 
   [ { name: 'address',
       type: 'String',
       length: 50,
       not_null: true,
       index: true },
     { name: 'currency',
       type: 'String',
       length: 30,
       not_null: true,
       index: true },
     { name: 'balance', type: 'String', length: 50, not_null: true } ],
  type: 'create' }
2018-10-11T22:12:36+0530 <info> shovel2.js:28 () loading model block.js
2018-10-11T22:12:36+0530 <debug> orm.js:1 (e.value) sync schema { table: 'blocks',
  tableFields: 
   [ { name: 'id',
       type: 'String',
       length: 64,
       not_null: true,
       unique: true,
       primary_key: true },
     { name: 'timestamp', type: 'BigInt', not_null: true },
     { name: 'height', type: 'BigInt', not_null: true, index: true },
     { name: 'payloadLength', type: 'BigInt', not_null: true },
     { name: 'payloadHash',
       type: 'String',
       length: 64,
       not_null: true },
     { name: 'prevBlockId', type: 'String', length: 64 },
     { name: 'pointId', type: 'String', length: 64 },
     { name: 'pointHeight', type: 'BigInt' },
     { name: 'delegate',
       type: 'String',
       length: 64,
       not_null: true,
       index: true },
     { name: 'signature', type: 'String', length: 128, not_null: true },
     { name: 'count', type: 'BigInt', not_null: true } ],
  type: 'create' }
2018-10-11T22:12:36+0530 <info> shovel2.js:28 () loading model deposit.js
2018-10-11T22:12:36+0530 <debug> orm.js:1 (e.value) sync schema { table: 'deposits',
  tableFields: 
   [ { name: 'tid',
       type: 'String',
       length: 64,
       not_null: true,
       unique: true,
       primary_key: true },
     { name: 'srcId',
       type: 'String',
       length: 64,
       not_null: true,
       unique: true,
       index: true },
     { name: 'recipientId',
       type: 'String',
       length: 50,
       not_null: true,
       index: true },
     { name: 'currency',
       type: 'String',
       length: 30,
       not_null: true,
       index: true },
     { name: 'amount', type: 'String', length: 50, not_null: true } ],
  type: 'create' }
2018-10-11T22:12:36+0530 <info> shovel2.js:28 () loading model round-fee.js
2018-10-11T22:12:36+0530 <debug> orm.js:1 (e.value) sync schema { table: 'round_fees',
  tableFields: 
   [ { name: 'round', type: 'Number', not_null: true, index: true },
     { name: 'currency', type: 'String', length: 30, not_null: true },
     { name: 'amount', type: 'String', length: 50, not_null: true } ],
  type: 'create' }
2018-10-11T22:12:36+0530 <info> shovel2.js:28 () loading model transaction.js
2018-10-11T22:12:36+0530 <debug> orm.js:1 (e.value) sync schema { table: 'transactions',
  tableFields: 
   [ { name: 'id',
       type: 'String',
       length: 64,
       not_null: true,
       unique: true,
       primary_key: true },
     { name: 'timestamp', type: 'BigInt', not_null: true, index: true },
     { name: 'senderId',
       type: 'String',
       length: 50,
       not_null: true,
       index: true },
     { name: 'senderPublicKey',
       type: 'String',
       length: 64,
       not_null: true },
     { name: 'fee', type: 'String', length: 50, not_null: true },
     { name: 'signature', type: 'String', length: 128, not_null: true },
     { name: 'type', type: 'Number', not_null: true, index: true },
     { name: 'args', type: 'Text' },
     { name: 'height', type: 'BigInt', not_null: true, index: true } ],
  type: 'create' }
2018-10-11T22:12:36+0530 <info> shovel2.js:28 () loading model transfer.js
2018-10-11T22:12:36+0530 <debug> orm.js:1 (e.value) sync schema { table: 'transfers',
  tableFields: 
   [ { name: 'tid',
       type: 'String',
       length: 64,
       not_null: true,
       unique: true,
       primary_key: true },
     { name: 'senderId',
       type: 'String',
       length: 50,
       not_null: true,
       index: true },
     { name: 'recipientId',
       type: 'String',
       length: 50,
       not_null: true,
       index: true },
     { name: 'currency',
       type: 'String',
       length: 30,
       not_null: true,
       index: true },
     { name: 'amount', type: 'String', length: 50, not_null: true } ],
  type: 'create' }
2018-10-11T22:12:36+0530 <info> shovel2.js:28 () loading model variable.js
2018-10-11T22:12:36+0530 <debug> orm.js:1 (e.value) sync schema { table: 'variables',
  tableFields: 
   [ { name: 'key',
       type: 'String',
       length: 256,
       not_null: true,
       primary_key: true },
     { name: 'value', type: 'String', length: 256, not_null: true } ],
  type: 'create' }
2018-10-11T22:12:36+0530 <info> shovel2.js:28 () loading model balance.js
2018-10-11T22:12:36+0530 <debug> orm.js:1 (e.value) sync schema { name: 'certificate',
  fields: 
   [ { name: 'balance', type: 'String', not_null: true, length: 35 },
     { name: 'address', type: 'String', length: 30, not_null: true },
     { name: 'totalSupply',
       type: 'String',
       length: 30,
       not_null: true } ],
  type: 'create',
  tableFields: 
   [ { name: 'balance', type: 'String', not_null: true, length: 35 },
     { name: 'address', type: 'String', length: 30, not_null: true },
     { name: 'totalSupply',
       type: 'String',
       length: 30,
       not_null: true } ],
  table: 'certificate' }
2018-10-11T22:12:36+0530 <info> shovel2.js:28 () loading model certificate.js
2018-10-11T22:12:36+0530 <debug> orm.js:1 (e.value) sync schema { name: 'certificate',
  fields: 
   [ { name: 'name', type: 'String', length: 35 },
     { name: 'id', type: 'String', length: 30, not_null: true },
     { name: 'university',
       type: 'String',
       length: 50,
       not_null: true,
       index: true },
     { name: 'coursename',
       type: 'String',
       length: 100,
       not_null: true,
       index: true },
     { name: 'dateofissue',
       type: 'String',
       length: 100,
       not_null: true,
       index: true },
     { name: 'enrollmentId',
       type: 'String',
       length: 100,
       not_null: true,
       index: true },
     { name: 'address',
       type: 'String',
       length: 256,
       not_null: true,
       index: true } ],
  type: 'create',
  tableFields: 
   [ { name: 'name', type: 'String', length: 35 },
     { name: 'id', type: 'String', length: 30, not_null: true },
     { name: 'university',
       type: 'String',
       length: 50,
       not_null: true,
       index: true },
     { name: 'coursename',
       type: 'String',
       length: 100,
       not_null: true,
       index: true },
     { name: 'dateofissue',
       type: 'String',
       length: 100,
       not_null: true,
       index: true },
     { name: 'enrollmentId',
       type: 'String',
       length: 100,
       not_null: true,
       index: true },
     { name: 'address',
       type: 'String',
       length: 256,
       not_null: true,
       index: true } ],
  table: 'certificate' }
2018-10-11T22:14:01+0530 <info> shovel2.js:28 () loading model account.js
2018-10-11T22:14:01+0530 <debug> orm.js:1 (e.value) sync schema { table: 'accounts',
  tableFields: 
   [ { name: 'address',
       type: 'String',
       length: 50,
       primary_key: true,
       not_null: true },
     { name: 'str1', type: 'String', length: 256, index: true },
     { name: 'str2', type: 'String', length: 256 },
     { name: 'str3', type: 'String', length: 256 },
     { name: 'str4', type: 'String', length: 256 },
     { name: 'str5', type: 'String', length: 256 },
     { name: 'num1', type: 'Number' },
     { name: 'num2', type: 'Number' },
     { name: 'num3', type: 'Number' },
     { name: 'num4', type: 'Number' },
     { name: 'num5', type: 'Number' },
     { name: 'bigint1', type: 'BigInt' },
     { name: 'bigint2', type: 'BigInt' },
     { name: 'bigint3', type: 'BigInt' },
     { name: 'bigint4', type: 'BigInt' },
     { name: 'bigint5', type: 'BigInt' },
     { name: 'text1', type: 'Text' },
     { name: 'text2', type: 'Text' },
     { name: 'text3', type: 'Text' },
     { name: 'text4', type: 'Text' },
     { name: 'text5', type: 'Text' } ],
  type: 'create' }
2018-10-11T22:14:01+0530 <info> shovel2.js:28 () loading model balance.js
2018-10-11T22:14:01+0530 <debug> orm.js:1 (e.value) sync schema { table: 'balances',
  tableFields: 
   [ { name: 'address',
       type: 'String',
       length: 50,
       not_null: true,
       index: true },
     { name: 'currency',
       type: 'String',
       length: 30,
       not_null: true,
       index: true },
     { name: 'balance', type: 'String', length: 50, not_null: true } ],
  type: 'create' }
2018-10-11T22:14:01+0530 <info> shovel2.js:28 () loading model block.js
2018-10-11T22:14:01+0530 <debug> orm.js:1 (e.value) sync schema { table: 'blocks',
  tableFields: 
   [ { name: 'id',
       type: 'String',
       length: 64,
       not_null: true,
       unique: true,
       primary_key: true },
     { name: 'timestamp', type: 'BigInt', not_null: true },
     { name: 'height', type: 'BigInt', not_null: true, index: true },
     { name: 'payloadLength', type: 'BigInt', not_null: true },
     { name: 'payloadHash',
       type: 'String',
       length: 64,
       not_null: true },
     { name: 'prevBlockId', type: 'String', length: 64 },
     { name: 'pointId', type: 'String', length: 64 },
     { name: 'pointHeight', type: 'BigInt' },
     { name: 'delegate',
       type: 'String',
       length: 64,
       not_null: true,
       index: true },
     { name: 'signature', type: 'String', length: 128, not_null: true },
     { name: 'count', type: 'BigInt', not_null: true } ],
  type: 'create' }
2018-10-11T22:14:01+0530 <info> shovel2.js:28 () loading model deposit.js
2018-10-11T22:14:01+0530 <debug> orm.js:1 (e.value) sync schema { table: 'deposits',
  tableFields: 
   [ { name: 'tid',
       type: 'String',
       length: 64,
       not_null: true,
       unique: true,
       primary_key: true },
     { name: 'srcId',
       type: 'String',
       length: 64,
       not_null: true,
       unique: true,
       index: true },
     { name: 'recipientId',
       type: 'String',
       length: 50,
       not_null: true,
       index: true },
     { name: 'currency',
       type: 'String',
       length: 30,
       not_null: true,
       index: true },
     { name: 'amount', type: 'String', length: 50, not_null: true } ],
  type: 'create' }
2018-10-11T22:14:01+0530 <info> shovel2.js:28 () loading model round-fee.js
2018-10-11T22:14:01+0530 <debug> orm.js:1 (e.value) sync schema { table: 'round_fees',
  tableFields: 
   [ { name: 'round', type: 'Number', not_null: true, index: true },
     { name: 'currency', type: 'String', length: 30, not_null: true },
     { name: 'amount', type: 'String', length: 50, not_null: true } ],
  type: 'create' }
2018-10-11T22:14:01+0530 <info> shovel2.js:28 () loading model transaction.js
2018-10-11T22:14:01+0530 <debug> orm.js:1 (e.value) sync schema { table: 'transactions',
  tableFields: 
   [ { name: 'id',
       type: 'String',
       length: 64,
       not_null: true,
       unique: true,
       primary_key: true },
     { name: 'timestamp', type: 'BigInt', not_null: true, index: true },
     { name: 'senderId',
       type: 'String',
       length: 50,
       not_null: true,
       index: true },
     { name: 'senderPublicKey',
       type: 'String',
       length: 64,
       not_null: true },
     { name: 'fee', type: 'String', length: 50, not_null: true },
     { name: 'signature', type: 'String', length: 128, not_null: true },
     { name: 'type', type: 'Number', not_null: true, index: true },
     { name: 'args', type: 'Text' },
     { name: 'height', type: 'BigInt', not_null: true, index: true } ],
  type: 'create' }
2018-10-11T22:14:01+0530 <info> shovel2.js:28 () loading model transfer.js
2018-10-11T22:14:01+0530 <debug> orm.js:1 (e.value) sync schema { table: 'transfers',
  tableFields: 
   [ { name: 'tid',
       type: 'String',
       length: 64,
       not_null: true,
       unique: true,
       primary_key: true },
     { name: 'senderId',
       type: 'String',
       length: 50,
       not_null: true,
       index: true },
     { name: 'recipientId',
       type: 'String',
       length: 50,
       not_null: true,
       index: true },
     { name: 'currency',
       type: 'String',
       length: 30,
       not_null: true,
       index: true },
     { name: 'amount', type: 'String', length: 50, not_null: true } ],
  type: 'create' }
2018-10-11T22:14:01+0530 <info> shovel2.js:28 () loading model variable.js
2018-10-11T22:14:01+0530 <debug> orm.js:1 (e.value) sync schema { table: 'variables',
  tableFields: 
   [ { name: 'key',
       type: 'String',
       length: 256,
       not_null: true,
       primary_key: true },
     { name: 'value', type: 'String', length: 256, not_null: true } ],
  type: 'create' }
2018-10-11T22:14:01+0530 <info> shovel2.js:28 () loading model balance.js
2018-10-11T22:14:01+0530 <debug> orm.js:1 (e.value) sync schema { name: 'balance',
  fields: 
   [ { name: 'balance', type: 'String', not_null: true, length: 35 },
     { name: 'address', type: 'String', length: 30, not_null: true },
     { name: 'totalSupply',
       type: 'String',
       length: 30,
       not_null: true } ],
  type: 'create',
  tableFields: 
   [ { name: 'balance', type: 'String', not_null: true, length: 35 },
     { name: 'address', type: 'String', length: 30, not_null: true },
     { name: 'totalSupply',
       type: 'String',
       length: 30,
       not_null: true } ],
  table: 'balance' }
2018-10-11T22:14:01+0530 <info> shovel2.js:28 () loading model certificate.js
2018-10-11T22:14:01+0530 <debug> orm.js:1 (e.value) sync schema { name: 'certificate',
  fields: 
   [ { name: 'name', type: 'String', length: 35 },
     { name: 'id', type: 'String', length: 30, not_null: true },
     { name: 'university',
       type: 'String',
       length: 50,
       not_null: true,
       index: true },
     { name: 'coursename',
       type: 'String',
       length: 100,
       not_null: true,
       index: true },
     { name: 'dateofissue',
       type: 'String',
       length: 100,
       not_null: true,
       index: true },
     { name: 'enrollmentId',
       type: 'String',
       length: 100,
       not_null: true,
       index: true },
     { name: 'address',
       type: 'String',
       length: 256,
       not_null: true,
       index: true } ],
  type: 'create',
  tableFields: 
   [ { name: 'name', type: 'String', length: 35 },
     { name: 'id', type: 'String', length: 30, not_null: true },
     { name: 'university',
       type: 'String',
       length: 50,
       not_null: true,
       index: true },
     { name: 'coursename',
       type: 'String',
       length: 100,
       not_null: true,
       index: true },
     { name: 'dateofissue',
       type: 'String',
       length: 100,
       not_null: true,
       index: true },
     { name: 'enrollmentId',
       type: 'String',
       length: 100,
       not_null: true,
       index: true },
     { name: 'address',
       type: 'String',
       length: 256,
       not_null: true,
       index: true } ],
  table: 'certificate' }
2018-10-11T22:15:59+0530 <info> shovel2.js:28 () loading model account.js
2018-10-11T22:15:59+0530 <debug> orm.js:1 (e.value) sync schema { table: 'accounts',
  tableFields: 
   [ { name: 'address',
       type: 'String',
       length: 50,
       primary_key: true,
       not_null: true },
     { name: 'str1', type: 'String', length: 256, index: true },
     { name: 'str2', type: 'String', length: 256 },
     { name: 'str3', type: 'String', length: 256 },
     { name: 'str4', type: 'String', length: 256 },
     { name: 'str5', type: 'String', length: 256 },
     { name: 'num1', type: 'Number' },
     { name: 'num2', type: 'Number' },
     { name: 'num3', type: 'Number' },
     { name: 'num4', type: 'Number' },
     { name: 'num5', type: 'Number' },
     { name: 'bigint1', type: 'BigInt' },
     { name: 'bigint2', type: 'BigInt' },
     { name: 'bigint3', type: 'BigInt' },
     { name: 'bigint4', type: 'BigInt' },
     { name: 'bigint5', type: 'BigInt' },
     { name: 'text1', type: 'Text' },
     { name: 'text2', type: 'Text' },
     { name: 'text3', type: 'Text' },
     { name: 'text4', type: 'Text' },
     { name: 'text5', type: 'Text' } ],
  type: 'create' }
2018-10-11T22:15:59+0530 <info> shovel2.js:28 () loading model balance.js
2018-10-11T22:15:59+0530 <debug> orm.js:1 (e.value) sync schema { table: 'balances',
  tableFields: 
   [ { name: 'address',
       type: 'String',
       length: 50,
       not_null: true,
       index: true },
     { name: 'currency',
       type: 'String',
       length: 30,
       not_null: true,
       index: true },
     { name: 'balance', type: 'String', length: 50, not_null: true } ],
  type: 'create' }
2018-10-11T22:15:59+0530 <info> shovel2.js:28 () loading model block.js
2018-10-11T22:15:59+0530 <debug> orm.js:1 (e.value) sync schema { table: 'blocks',
  tableFields: 
   [ { name: 'id',
       type: 'String',
       length: 64,
       not_null: true,
       unique: true,
       primary_key: true },
     { name: 'timestamp', type: 'BigInt', not_null: true },
     { name: 'height', type: 'BigInt', not_null: true, index: true },
     { name: 'payloadLength', type: 'BigInt', not_null: true },
     { name: 'payloadHash',
       type: 'String',
       length: 64,
       not_null: true },
     { name: 'prevBlockId', type: 'String', length: 64 },
     { name: 'pointId', type: 'String', length: 64 },
     { name: 'pointHeight', type: 'BigInt' },
     { name: 'delegate',
       type: 'String',
       length: 64,
       not_null: true,
       index: true },
     { name: 'signature', type: 'String', length: 128, not_null: true },
     { name: 'count', type: 'BigInt', not_null: true } ],
  type: 'create' }
2018-10-11T22:15:59+0530 <info> shovel2.js:28 () loading model deposit.js
2018-10-11T22:15:59+0530 <debug> orm.js:1 (e.value) sync schema { table: 'deposits',
  tableFields: 
   [ { name: 'tid',
       type: 'String',
       length: 64,
       not_null: true,
       unique: true,
       primary_key: true },
     { name: 'srcId',
       type: 'String',
       length: 64,
       not_null: true,
       unique: true,
       index: true },
     { name: 'recipientId',
       type: 'String',
       length: 50,
       not_null: true,
       index: true },
     { name: 'currency',
       type: 'String',
       length: 30,
       not_null: true,
       index: true },
     { name: 'amount', type: 'String', length: 50, not_null: true } ],
  type: 'create' }
2018-10-11T22:15:59+0530 <info> shovel2.js:28 () loading model round-fee.js
2018-10-11T22:15:59+0530 <debug> orm.js:1 (e.value) sync schema { table: 'round_fees',
  tableFields: 
   [ { name: 'round', type: 'Number', not_null: true, index: true },
     { name: 'currency', type: 'String', length: 30, not_null: true },
     { name: 'amount', type: 'String', length: 50, not_null: true } ],
  type: 'create' }
2018-10-11T22:15:59+0530 <info> shovel2.js:28 () loading model transaction.js
2018-10-11T22:15:59+0530 <debug> orm.js:1 (e.value) sync schema { table: 'transactions',
  tableFields: 
   [ { name: 'id',
       type: 'String',
       length: 64,
       not_null: true,
       unique: true,
       primary_key: true },
     { name: 'timestamp', type: 'BigInt', not_null: true, index: true },
     { name: 'senderId',
       type: 'String',
       length: 50,
       not_null: true,
       index: true },
     { name: 'senderPublicKey',
       type: 'String',
       length: 64,
       not_null: true },
     { name: 'fee', type: 'String', length: 50, not_null: true },
     { name: 'signature', type: 'String', length: 128, not_null: true },
     { name: 'type', type: 'Number', not_null: true, index: true },
     { name: 'args', type: 'Text' },
     { name: 'height', type: 'BigInt', not_null: true, index: true } ],
  type: 'create' }
2018-10-11T22:15:59+0530 <info> shovel2.js:28 () loading model transfer.js
2018-10-11T22:15:59+0530 <debug> orm.js:1 (e.value) sync schema { table: 'transfers',
  tableFields: 
   [ { name: 'tid',
       type: 'String',
       length: 64,
       not_null: true,
       unique: true,
       primary_key: true },
     { name: 'senderId',
       type: 'String',
       length: 50,
       not_null: true,
       index: true },
     { name: 'recipientId',
       type: 'String',
       length: 50,
       not_null: true,
       index: true },
     { name: 'currency',
       type: 'String',
       length: 30,
       not_null: true,
       index: true },
     { name: 'amount', type: 'String', length: 50, not_null: true } ],
  type: 'create' }
2018-10-11T22:15:59+0530 <info> shovel2.js:28 () loading model variable.js
2018-10-11T22:15:59+0530 <debug> orm.js:1 (e.value) sync schema { table: 'variables',
  tableFields: 
   [ { name: 'key',
       type: 'String',
       length: 256,
       not_null: true,
       primary_key: true },
     { name: 'value', type: 'String', length: 256, not_null: true } ],
  type: 'create' }
2018-10-11T22:15:59+0530 <info> shovel2.js:28 () loading model balance.js
2018-10-11T22:15:59+0530 <debug> orm.js:1 (e.value) sync schema { name: 'balance',
  fields: 
   [ { name: 'balance', type: 'String', not_null: true, length: 35 },
     { name: 'address', type: 'String', length: 30, not_null: true },
     { name: 'totalSupply',
       type: 'String',
       length: 30,
       not_null: true } ],
  type: 'create',
  tableFields: 
   [ { name: 'balance', type: 'String', not_null: true, length: 35 },
     { name: 'address', type: 'String', length: 30, not_null: true },
     { name: 'totalSupply',
       type: 'String',
       length: 30,
       not_null: true } ],
  table: 'balance' }
2018-10-11T22:15:59+0530 <info> shovel2.js:28 () loading model certificate.js
2018-10-11T22:15:59+0530 <debug> orm.js:1 (e.value) sync schema { type: 'create' }
2018-10-11T22:22:07+0530 <info> shovel2.js:28 () loading model account.js
2018-10-11T22:22:08+0530 <debug> orm.js:1 (e.value) sync schema { table: 'accounts',
  tableFields: 
   [ { name: 'address',
       type: 'String',
       length: 50,
       primary_key: true,
       not_null: true },
     { name: 'str1', type: 'String', length: 256, index: true },
     { name: 'str2', type: 'String', length: 256 },
     { name: 'str3', type: 'String', length: 256 },
     { name: 'str4', type: 'String', length: 256 },
     { name: 'str5', type: 'String', length: 256 },
     { name: 'num1', type: 'Number' },
     { name: 'num2', type: 'Number' },
     { name: 'num3', type: 'Number' },
     { name: 'num4', type: 'Number' },
     { name: 'num5', type: 'Number' },
     { name: 'bigint1', type: 'BigInt' },
     { name: 'bigint2', type: 'BigInt' },
     { name: 'bigint3', type: 'BigInt' },
     { name: 'bigint4', type: 'BigInt' },
     { name: 'bigint5', type: 'BigInt' },
     { name: 'text1', type: 'Text' },
     { name: 'text2', type: 'Text' },
     { name: 'text3', type: 'Text' },
     { name: 'text4', type: 'Text' },
     { name: 'text5', type: 'Text' } ],
  type: 'create' }
2018-10-11T22:22:08+0530 <info> shovel2.js:28 () loading model balance.js
2018-10-11T22:22:08+0530 <debug> orm.js:1 (e.value) sync schema { table: 'balances',
  tableFields: 
   [ { name: 'address',
       type: 'String',
       length: 50,
       not_null: true,
       index: true },
     { name: 'currency',
       type: 'String',
       length: 30,
       not_null: true,
       index: true },
     { name: 'balance', type: 'String', length: 50, not_null: true } ],
  type: 'create' }
2018-10-11T22:22:08+0530 <info> shovel2.js:28 () loading model block.js
2018-10-11T22:22:08+0530 <debug> orm.js:1 (e.value) sync schema { table: 'blocks',
  tableFields: 
   [ { name: 'id',
       type: 'String',
       length: 64,
       not_null: true,
       unique: true,
       primary_key: true },
     { name: 'timestamp', type: 'BigInt', not_null: true },
     { name: 'height', type: 'BigInt', not_null: true, index: true },
     { name: 'payloadLength', type: 'BigInt', not_null: true },
     { name: 'payloadHash',
       type: 'String',
       length: 64,
       not_null: true },
     { name: 'prevBlockId', type: 'String', length: 64 },
     { name: 'pointId', type: 'String', length: 64 },
     { name: 'pointHeight', type: 'BigInt' },
     { name: 'delegate',
       type: 'String',
       length: 64,
       not_null: true,
       index: true },
     { name: 'signature', type: 'String', length: 128, not_null: true },
     { name: 'count', type: 'BigInt', not_null: true } ],
  type: 'create' }
2018-10-11T22:22:08+0530 <info> shovel2.js:28 () loading model deposit.js
2018-10-11T22:22:08+0530 <debug> orm.js:1 (e.value) sync schema { table: 'deposits',
  tableFields: 
   [ { name: 'tid',
       type: 'String',
       length: 64,
       not_null: true,
       unique: true,
       primary_key: true },
     { name: 'srcId',
       type: 'String',
       length: 64,
       not_null: true,
       unique: true,
       index: true },
     { name: 'recipientId',
       type: 'String',
       length: 50,
       not_null: true,
       index: true },
     { name: 'currency',
       type: 'String',
       length: 30,
       not_null: true,
       index: true },
     { name: 'amount', type: 'String', length: 50, not_null: true } ],
  type: 'create' }
2018-10-11T22:22:08+0530 <info> shovel2.js:28 () loading model round-fee.js
2018-10-11T22:22:08+0530 <debug> orm.js:1 (e.value) sync schema { table: 'round_fees',
  tableFields: 
   [ { name: 'round', type: 'Number', not_null: true, index: true },
     { name: 'currency', type: 'String', length: 30, not_null: true },
     { name: 'amount', type: 'String', length: 50, not_null: true } ],
  type: 'create' }
2018-10-11T22:22:08+0530 <info> shovel2.js:28 () loading model transaction.js
2018-10-11T22:22:08+0530 <debug> orm.js:1 (e.value) sync schema { table: 'transactions',
  tableFields: 
   [ { name: 'id',
       type: 'String',
       length: 64,
       not_null: true,
       unique: true,
       primary_key: true },
     { name: 'timestamp', type: 'BigInt', not_null: true, index: true },
     { name: 'senderId',
       type: 'String',
       length: 50,
       not_null: true,
       index: true },
     { name: 'senderPublicKey',
       type: 'String',
       length: 64,
       not_null: true },
     { name: 'fee', type: 'String', length: 50, not_null: true },
     { name: 'signature', type: 'String', length: 128, not_null: true },
     { name: 'type', type: 'Number', not_null: true, index: true },
     { name: 'args', type: 'Text' },
     { name: 'height', type: 'BigInt', not_null: true, index: true } ],
  type: 'create' }
2018-10-11T22:22:08+0530 <info> shovel2.js:28 () loading model transfer.js
2018-10-11T22:22:08+0530 <debug> orm.js:1 (e.value) sync schema { table: 'transfers',
  tableFields: 
   [ { name: 'tid',
       type: 'String',
       length: 64,
       not_null: true,
       unique: true,
       primary_key: true },
     { name: 'senderId',
       type: 'String',
       length: 50,
       not_null: true,
       index: true },
     { name: 'recipientId',
       type: 'String',
       length: 50,
       not_null: true,
       index: true },
     { name: 'currency',
       type: 'String',
       length: 30,
       not_null: true,
       index: true },
     { name: 'amount', type: 'String', length: 50, not_null: true } ],
  type: 'create' }
2018-10-11T22:22:08+0530 <info> shovel2.js:28 () loading model variable.js
2018-10-11T22:22:08+0530 <debug> orm.js:1 (e.value) sync schema { table: 'variables',
  tableFields: 
   [ { name: 'key',
       type: 'String',
       length: 256,
       not_null: true,
       primary_key: true },
     { name: 'value', type: 'String', length: 256, not_null: true } ],
  type: 'create' }
2018-10-11T22:22:08+0530 <info> shovel2.js:28 () loading model balance.js
2018-10-11T22:22:08+0530 <debug> orm.js:1 (e.value) sync schema { name: 'balance',
  fields: 
   [ { name: 'balance', type: 'String', not_null: true, length: 35 },
     { name: 'address', type: 'String', length: 30, not_null: true },
     { name: 'totalSupply',
       type: 'String',
       length: 30,
       not_null: true } ],
  type: 'create',
  tableFields: 
   [ { name: 'balance', type: 'String', not_null: true, length: 35 },
     { name: 'address', type: 'String', length: 30, not_null: true },
     { name: 'totalSupply',
       type: 'String',
       length: 30,
       not_null: true } ],
  table: 'balance' }
2018-10-11T22:22:08+0530 <info> shovel2.js:28 () loading model certificate.js
2018-10-11T22:22:08+0530 <debug> orm.js:1 (e.value) sync schema { type: 'create' }
